Using pre-set license
Built from '2022.3/staging' branch; Version is '2022.3.25f1 (530ae0ba3889) revision 5442272'; Using compiler version '192829333'; Build Type 'Release'
OS: 'Windows 10  (10.0.19045) 64bit Professional' Language: 'ru' Physical Memory: 16249 MB
BatchMode: 1, IsHumanControllingUs: 0, StartBugReporterOnCrash: 0, Is64bit: 1, IsPro: 1

COMMAND LINE ARGUMENTS:
D:\Work\Unity\Hub\Editor\2022.3.25f1\Editor\Unity.exe
-adb2
-batchMode
-noUpm
-name
AssetImportWorker10
-projectPath
D:/Work/Unity/GameProjects/Horor
-logFile
Logs/AssetImportWorker10.log
-srvPort
4637
Successfully changed project path to: D:/Work/Unity/GameProjects/Horor
D:/Work/Unity/GameProjects/Horor
[UnityMemory] Configuration Parameters - Can be set up in boot.config
    "memorysetup-bucket-allocator-granularity=16"
    "memorysetup-bucket-allocator-bucket-count=8"
    "memorysetup-bucket-allocator-block-size=33554432"
    "memorysetup-bucket-allocator-block-count=8"
    "memorysetup-main-allocator-block-size=16777216"
    "memorysetup-thread-allocator-block-size=16777216"
    "memorysetup-gfx-main-allocator-block-size=16777216"
    "memorysetup-gfx-thread-allocator-block-size=16777216"
    "memorysetup-cache-allocator-block-size=4194304"
    "memorysetup-typetree-allocator-block-size=2097152"
    "memorysetup-profiler-bucket-allocator-granularity=16"
    "memorysetup-profiler-bucket-allocator-bucket-count=8"
    "memorysetup-profiler-bucket-allocator-block-size=33554432"
    "memorysetup-profiler-bucket-allocator-block-count=8"
    "memorysetup-profiler-allocator-block-size=16777216"
    "memorysetup-profiler-editor-allocator-block-size=1048576"
    "memorysetup-temp-allocator-size-main=16777216"
    "memorysetup-job-temp-allocator-block-size=2097152"
    "memorysetup-job-temp-allocator-block-size-background=1048576"
    "memorysetup-job-temp-allocator-reduction-small-platforms=262144"
    "memorysetup-allocator-temp-initial-block-size-main=262144"
    "memorysetup-allocator-temp-initial-block-size-worker=262144"
    "memorysetup-temp-allocator-size-background-worker=32768"
    "memorysetup-temp-allocator-size-job-worker=262144"
    "memorysetup-temp-allocator-size-preload-manager=33554432"
    "memorysetup-temp-allocator-size-nav-mesh-worker=65536"
    "memorysetup-temp-allocator-size-audio-worker=65536"
    "memorysetup-temp-allocator-size-cloud-worker=32768"
    "memorysetup-temp-allocator-size-gi-baking-worker=262144"
    "memorysetup-temp-allocator-size-gfx=262144"
Player connection [8460] Host "[IP] 192.168.1.52 [Port] 0 [Flags] 2 [Guid] 435900008 [EditorId] 435900008 [Version] 1048832 [Id] WindowsEditor(7,WIN-7AAVFJQRCGF) [Debug] 1 [PackageName] WindowsEditor [ProjectName] Editor" joined multi-casting on [225.0.0.222:54997]...

Player connection [8460] Host "[IP] 192.168.1.52 [Port] 0 [Flags] 2 [Guid] 435900008 [EditorId] 435900008 [Version] 1048832 [Id] WindowsEditor(7,WIN-7AAVFJQRCGF) [Debug] 1 [PackageName] WindowsEditor [ProjectName] Editor" joined alternative multi-casting on [225.0.0.222:34997]...

[Physics::Module] Initialized MultithreadedJobDispatcher with 15 workers.
Refreshing native plugins compatible for Editor in 48.57 ms, found 3 plugins.
Preloading 0 native plugins for Editor in 0.00 ms.
Initialize engine version: 2022.3.25f1 (530ae0ba3889)
[Subsystems] Discovering subsystems at path D:/Work/Unity/Hub/Editor/2022.3.25f1/Editor/Data/Resources/UnitySubsystems
[Subsystems] Discovering subsystems at path D:/Work/Unity/GameProjects/Horor/Assets
GfxDevice: creating device client; threaded=0; jobified=0
Direct3D:
    Version:  Direct3D 11.0 [level 11.1]
    Renderer: NVIDIA GeForce GTX 1060 6GB (ID=0x1c06)
    Vendor:   NVIDIA
    VRAM:     6029 MB
    Driver:   32.0.15.6081
Initialize mono
Mono path[0] = 'D:/Work/Unity/Hub/Editor/2022.3.25f1/Editor/Data/Managed'
Mono path[1] = 'D:/Work/Unity/Hub/Editor/2022.3.25f1/Editor/Data/MonoBleedingEdge/lib/mono/unityjit-win32'
Mono config path = 'D:/Work/Unity/Hub/Editor/2022.3.25f1/Editor/Data/MonoBleedingEdge/etc'
Using monoOptions --debugger-agent=transport=dt_socket,embedding=1,server=y,suspend=n,address=127.0.0.1:56044
Begin MonoManager ReloadAssembly
Registering precompiled unity dll's ...
Register platform support module: D:/Work/Unity/Hub/Editor/2022.3.25f1/Editor/Data/PlaybackEngines/WebGLSupport/UnityEditor.WebGL.Extensions.dll
Register platform support module: D:/Work/Unity/Hub/Editor/2022.3.25f1/Editor/Data/PlaybackEngines/AndroidPlayer/UnityEditor.Android.Extensions.dll
Register platform support module: D:/Work/Unity/Hub/Editor/2022.3.25f1/Editor/Data/PlaybackEngines/WindowsStandaloneSupport/UnityEditor.WindowsStandalone.Extensions.dll
Registered in 0.098447 seconds.
- Loaded All Assemblies, in  1.118 seconds
Native extension for WindowsStandalone target not found
Native extension for Android target not found
Android Extension - Scanning For ADB Devices 318 ms
Native extension for WebGL target not found
Mono: successfully reloaded assembly
- Finished resetting the current domain, in  0.928 seconds
Domain Reload Profiling: 2046ms
	BeginReloadAssembly (531ms)
		ExecutionOrderSort (0ms)
		DisableScriptedObjects (0ms)
		BackupInstance (0ms)
		ReleaseScriptingObjects (0ms)
		CreateAndSetChildDomain (1ms)
	RebuildCommonClasses (34ms)
	RebuildNativeTypeToScriptingClass (13ms)
	initialDomainReloadingComplete (138ms)
	LoadAllAssembliesAndSetupDomain (401ms)
		LoadAssemblies (532ms)
		RebuildTransferFunctionScriptingTraits (0ms)
		AnalyzeDomain (398ms)
			TypeCache.Refresh (397ms)
				TypeCache.ScanAssembly (384ms)
			ScanForSourceGeneratedMonoScriptInfo (0ms)
			ResolveRequiredComponents (0ms)
	FinalizeReload (928ms)
		ReleaseScriptCaches (0ms)
		RebuildScriptCaches (0ms)
		SetupLoadedEditorAssemblies (879ms)
			LogAssemblyErrors (0ms)
			InitializePlatformSupportModulesInManaged (701ms)
			SetLoadedEditorAssemblies (3ms)
			RefreshPlugins (0ms)
			BeforeProcessingInitializeOnLoad (2ms)
			ProcessInitializeOnLoadAttributes (120ms)
			ProcessInitializeOnLoadMethodAttributes (53ms)
			AfterProcessingInitializeOnLoad (0ms)
			EditorAssembliesLoaded (0ms)
		ExecutionOrderSort2 (0ms)
		AwakeInstancesAfterBackupRestoration (0ms)
========================================================================
Worker process is ready to serve import requests
Begin MonoManager ReloadAssembly
- Loaded All Assemblies, in  2.187 seconds
Refreshing native plugins compatible for Editor in 2.15 ms, found 3 plugins.
Native extension for WindowsStandalone target not found
Native extension for Android target not found
Native extension for WebGL target not found
Package Manager log level set to [2]
[Package Manager] Server::EnsureServerProcessIsRunning -- launch failed, reason: Unity was launched with the -noUpm command-line argument
[Package Manager] UpmClient::Send -- Unable to send message (not connected to UPM process).
[Package Manager] Cannot connect to Unity Package Manager local server
Mono: successfully reloaded assembly
- Finished resetting the current domain, in  1.846 seconds
Domain Reload Profiling: 4032ms
	BeginReloadAssembly (142ms)
		ExecutionOrderSort (0ms)
		DisableScriptedObjects (5ms)
		BackupInstance (0ms)
		ReleaseScriptingObjects (0ms)
		CreateAndSetChildDomain (19ms)
	RebuildCommonClasses (29ms)
	RebuildNativeTypeToScriptingClass (9ms)
	initialDomainReloadingComplete (33ms)
	LoadAllAssembliesAndSetupDomain (1973ms)
		LoadAssemblies (1791ms)
		RebuildTransferFunctionScriptingTraits (0ms)
		AnalyzeDomain (273ms)
			TypeCache.Refresh (251ms)
				TypeCache.ScanAssembly (169ms)
			ScanForSourceGeneratedMonoScriptInfo (17ms)
			ResolveRequiredComponents (5ms)
	FinalizeReload (1846ms)
		ReleaseScriptCaches (0ms)
		RebuildScriptCaches (0ms)
		SetupLoadedEditorAssemblies (1712ms)
			LogAssemblyErrors (0ms)
			InitializePlatformSupportModulesInManaged (20ms)
			SetLoadedEditorAssemblies (4ms)
			RefreshPlugins (0ms)
			BeforeProcessingInitializeOnLoad (46ms)
			ProcessInitializeOnLoadAttributes (1620ms)
			ProcessInitializeOnLoadMethodAttributes (20ms)
			AfterProcessingInitializeOnLoad (3ms)
			EditorAssembliesLoaded (0ms)
		ExecutionOrderSort2 (0ms)
		AwakeInstancesAfterBackupRestoration (6ms)
Launched and connected shader compiler UnityShaderCompiler.exe after 0.09 seconds
Refreshing native plugins compatible for Editor in 2.29 ms, found 3 plugins.
Preloading 0 native plugins for Editor in 0.00 ms.
Unloading 3116 Unused Serialized files (Serialized files now loaded: 0)
Unloading 32 unused Assets / (57.3 KB). Loaded Objects now: 3608.
Memory consumption went from 238.1 MB to 238.0 MB.
Total: 2.828300 ms (FindLiveObjects: 0.274100 ms CreateObjectMapping: 0.244400 ms MarkObjects: 2.228100 ms  DeleteObjects: 0.081100 ms)

AssetImportParameters requested are different than current active one (requested -> active):
  custom:scripting/monoscript/fileName/ConifersInstaller.cs: eea2fa1712684fa3b3ff11847d4a6ea2 -> 34412fab510de16a07b21d03f07e61f8
  custom:scripting/monoscript/fileName/CTI_DetailsEnum.cs: f7f659b19f5e40dcc6d616afd22742e8 -> 1381aff641afc3ad694ed533f4c35929
  custom:container-demuxer-ogg: 62fdf1f143b41e24485cea50d1cbac27 -> 
  custom:video-decoder-ogg-theora: a1e56fd34408186e4bbccfd4996cb3dc -> 
  custom:framework-win-MediaFoundation: 216162199b28c13a410421893ffa2e32 -> 
  custom:scripting/monoscript/fileName/CTI_Utils.cs: e8d7a7e8c1cc760437528f6e0741ed85 -> ccf29895ac462242bccf087f7523e9d7
  custom:CustomObjectIndexerAttribute: 9a22284fe3817be447336de3de66b15e -> 
  custom:container-demuxer-webm: 4f35f7cbe854078d1ac9338744f61a02 -> 
  custom:scripting/monoscript/fileName/CTI_AdvancedEdgeFluttering.cs: b642bca6c83f63a75691dd486e68fcc2 -> f3f9dca16963da607b1452ee09203c1c
  custom:scripting/monoscript/fileName/LaunchConifersInstaller.cs: 821f5a2477bdf0c031eb84290e048948 -> 
  custom:container-muxer-webm: aa71ff27fc2769a1b78a27578f13a17b -> 
  custom:video-decoder-webm-vp8: 9c59270c3fd7afecdb556c50c9e8de78 -> 
  custom:SearchIndexIgnoredProperties: e643bd26f0fe6173181afceb89e7c659 -> 
  custom:AudioImporter_EditorPlatform: d09bf68614088b80899f8185d706f6e7 -> 
  custom:video-encoder-webm-vp8: eb34c28f22e8b96e1ab97ce403110664 -> 
  custom:audio-decoder-ogg-vorbis: bf7c407c2cedff20999df2af8eb42d56 -> 
  custom:scripting/monoscript/fileName/CTI_CustomWind.cs: fa35dc91bdaad134aa4aafbb9e6d7d46 -> 259d55a56f29cba5a4c6d11b6d00e7c1
  custom:audio-encoder-webm-vorbis: bf7c407c2cedff20999df2af8eb42d56 -> 
  custom:scripting/monoscript/fileName/CTI_ShaderGUI.cs: 8949c3b4bad448dde328fc803bcc92b8 -> 262df46dd24994e8fe493ac445540586
========================================================================
Received Prepare
Begin MonoManager ReloadAssembly
- Loaded All Assemblies, in  0.394 seconds
Refreshing native plugins compatible for Editor in 2.18 ms, found 3 plugins.
Native extension for WindowsStandalone target not found
Native extension for Android target not found
Native extension for WebGL target not found
[Package Manager] Server::EnsureServerProcessIsRunning -- launch failed, reason: Unity was launched with the -noUpm command-line argument
[Package Manager] UpmClient::Send -- Unable to send message (not connected to UPM process).
[Package Manager] Cannot connect to Unity Package Manager local server
Mono: successfully reloaded assembly
- Finished resetting the current domain, in  0.824 seconds
Domain Reload Profiling: 1218ms
	BeginReloadAssembly (157ms)
		ExecutionOrderSort (0ms)
		DisableScriptedObjects (4ms)
		BackupInstance (0ms)
		ReleaseScriptingObjects (0ms)
		CreateAndSetChildDomain (30ms)
	RebuildCommonClasses (36ms)
	RebuildNativeTypeToScriptingClass (13ms)
	initialDomainReloadingComplete (21ms)
	LoadAllAssembliesAndSetupDomain (167ms)
		LoadAssemblies (250ms)
		RebuildTransferFunctionScriptingTraits (0ms)
		AnalyzeDomain (13ms)
			TypeCache.Refresh (7ms)
				TypeCache.ScanAssembly (0ms)
			ScanForSourceGeneratedMonoScriptInfo (0ms)
			ResolveRequiredComponents (5ms)
	FinalizeReload (825ms)
		ReleaseScriptCaches (0ms)
		RebuildScriptCaches (0ms)
		SetupLoadedEditorAssemblies (433ms)
			LogAssemblyErrors (0ms)
			InitializePlatformSupportModulesInManaged (24ms)
			SetLoadedEditorAssemblies (3ms)
			RefreshPlugins (0ms)
			BeforeProcessingInitializeOnLoad (54ms)
			ProcessInitializeOnLoadAttributes (328ms)
			ProcessInitializeOnLoadMethodAttributes (20ms)
			AfterProcessingInitializeOnLoad (3ms)
			EditorAssembliesLoaded (0ms)
		ExecutionOrderSort2 (0ms)
		AwakeInstancesAfterBackupRestoration (7ms)
Refreshing native plugins compatible for Editor in 2.29 ms, found 3 plugins.
Preloading 0 native plugins for Editor in 0.00 ms.
Unloading 3100 Unused Serialized files (Serialized files now loaded: 0)
Unloading 23 unused Assets / (31.1 KB). Loaded Objects now: 3611.
Memory consumption went from 236.4 MB to 236.4 MB.
Total: 2.743100 ms (FindLiveObjects: 0.262200 ms CreateObjectMapping: 0.235300 ms MarkObjects: 2.202100 ms  DeleteObjects: 0.042400 ms)

Prepare: number of updated asset objects reloaded= 0
AssetImportParameters requested are different than current active one (requested -> active):
  custom:scripting/monoscript/fileName/ConifersInstaller.cs: eea2fa1712684fa3b3ff11847d4a6ea2 -> 34412fab510de16a07b21d03f07e61f8
  custom:scripting/monoscript/fileName/CTI_DetailsEnum.cs: f7f659b19f5e40dcc6d616afd22742e8 -> 1381aff641afc3ad694ed533f4c35929
  custom:container-demuxer-ogg: 62fdf1f143b41e24485cea50d1cbac27 -> 
  custom:video-decoder-ogg-theora: a1e56fd34408186e4bbccfd4996cb3dc -> 
  custom:framework-win-MediaFoundation: 216162199b28c13a410421893ffa2e32 -> 
  custom:scripting/monoscript/fileName/CTI_Utils.cs: e8d7a7e8c1cc760437528f6e0741ed85 -> ccf29895ac462242bccf087f7523e9d7
  custom:CustomObjectIndexerAttribute: 9a22284fe3817be447336de3de66b15e -> 
  custom:container-demuxer-webm: 4f35f7cbe854078d1ac9338744f61a02 -> 
  custom:scripting/monoscript/fileName/CTI_AdvancedEdgeFluttering.cs: b642bca6c83f63a75691dd486e68fcc2 -> f3f9dca16963da607b1452ee09203c1c
  custom:scripting/monoscript/fileName/LaunchConifersInstaller.cs: 821f5a2477bdf0c031eb84290e048948 -> 
  custom:container-muxer-webm: aa71ff27fc2769a1b78a27578f13a17b -> 
  custom:video-decoder-webm-vp8: 9c59270c3fd7afecdb556c50c9e8de78 -> 
  custom:SearchIndexIgnoredProperties: e643bd26f0fe6173181afceb89e7c659 -> 
  custom:AudioImporter_EditorPlatform: d09bf68614088b80899f8185d706f6e7 -> 
  custom:video-encoder-webm-vp8: eb34c28f22e8b96e1ab97ce403110664 -> 
  custom:audio-decoder-ogg-vorbis: bf7c407c2cedff20999df2af8eb42d56 -> 
  custom:scripting/monoscript/fileName/CTI_CustomWind.cs: fa35dc91bdaad134aa4aafbb9e6d7d46 -> 259d55a56f29cba5a4c6d11b6d00e7c1
  custom:audio-encoder-webm-vorbis: bf7c407c2cedff20999df2af8eb42d56 -> 
  custom:scripting/monoscript/fileName/CTI_ShaderGUI.cs: 8949c3b4bad448dde328fc803bcc92b8 -> 262df46dd24994e8fe493ac445540586
========================================================================
Received Prepare
Begin MonoManager ReloadAssembly
- Loaded All Assemblies, in  0.369 seconds
Refreshing native plugins compatible for Editor in 2.15 ms, found 3 plugins.
Native extension for WindowsStandalone target not found
Native extension for Android target not found
Native extension for WebGL target not found
[Package Manager] Server::EnsureServerProcessIsRunning -- launch failed, reason: Unity was launched with the -noUpm command-line argument
[Package Manager] UpmClient::Send -- Unable to send message (not connected to UPM process).
[Package Manager] Cannot connect to Unity Package Manager local server
Mono: successfully reloaded assembly
- Finished resetting the current domain, in  0.808 seconds
Domain Reload Profiling: 1176ms
	BeginReloadAssembly (144ms)
		ExecutionOrderSort (0ms)
		DisableScriptedObjects (4ms)
		BackupInstance (0ms)
		ReleaseScriptingObjects (0ms)
		CreateAndSetChildDomain (28ms)
	RebuildCommonClasses (28ms)
	RebuildNativeTypeToScriptingClass (10ms)
	initialDomainReloadingComplete (22ms)
	LoadAllAssembliesAndSetupDomain (164ms)
		LoadAssemblies (235ms)
		RebuildTransferFunctionScriptingTraits (0ms)
		AnalyzeDomain (15ms)
			TypeCache.Refresh (9ms)
				TypeCache.ScanAssembly (0ms)
			ScanForSourceGeneratedMonoScriptInfo (0ms)
			ResolveRequiredComponents (5ms)
	FinalizeReload (808ms)
		ReleaseScriptCaches (0ms)
		RebuildScriptCaches (0ms)
		SetupLoadedEditorAssemblies (426ms)
			LogAssemblyErrors (0ms)
			InitializePlatformSupportModulesInManaged (21ms)
			SetLoadedEditorAssemblies (3ms)
			RefreshPlugins (0ms)
			BeforeProcessingInitializeOnLoad (50ms)
			ProcessInitializeOnLoadAttributes (327ms)
			ProcessInitializeOnLoadMethodAttributes (22ms)
			AfterProcessingInitializeOnLoad (3ms)
			EditorAssembliesLoaded (0ms)
		ExecutionOrderSort2 (0ms)
		AwakeInstancesAfterBackupRestoration (6ms)
Refreshing native plugins compatible for Editor in 3.32 ms, found 3 plugins.
Preloading 0 native plugins for Editor in 0.00 ms.
Unloading 3100 Unused Serialized files (Serialized files now loaded: 0)
Unloading 23 unused Assets / (31.2 KB). Loaded Objects now: 3614.
Memory consumption went from 238.4 MB to 238.3 MB.
Total: 2.969500 ms (FindLiveObjects: 0.294900 ms CreateObjectMapping: 0.249100 ms MarkObjects: 2.381600 ms  DeleteObjects: 0.043100 ms)

Prepare: number of updated asset objects reloaded= 0
AssetImportParameters requested are different than current active one (requested -> active):
  custom:scripting/monoscript/fileName/ConifersInstaller.cs: eea2fa1712684fa3b3ff11847d4a6ea2 -> 34412fab510de16a07b21d03f07e61f8
  custom:scripting/monoscript/fileName/CTI_DetailsEnum.cs: f7f659b19f5e40dcc6d616afd22742e8 -> 1381aff641afc3ad694ed533f4c35929
  custom:container-demuxer-ogg: 62fdf1f143b41e24485cea50d1cbac27 -> 
  custom:video-decoder-ogg-theora: a1e56fd34408186e4bbccfd4996cb3dc -> 
  custom:framework-win-MediaFoundation: 216162199b28c13a410421893ffa2e32 -> 
  custom:scripting/monoscript/fileName/CTI_Utils.cs: e8d7a7e8c1cc760437528f6e0741ed85 -> ccf29895ac462242bccf087f7523e9d7
  custom:CustomObjectIndexerAttribute: 9a22284fe3817be447336de3de66b15e -> 
  custom:container-demuxer-webm: 4f35f7cbe854078d1ac9338744f61a02 -> 
  custom:scripting/monoscript/fileName/CTI_AdvancedEdgeFluttering.cs: b642bca6c83f63a75691dd486e68fcc2 -> f3f9dca16963da607b1452ee09203c1c
  custom:scripting/monoscript/fileName/LaunchConifersInstaller.cs: 821f5a2477bdf0c031eb84290e048948 -> 
  custom:container-muxer-webm: aa71ff27fc2769a1b78a27578f13a17b -> 
  custom:video-decoder-webm-vp8: 9c59270c3fd7afecdb556c50c9e8de78 -> 
  custom:SearchIndexIgnoredProperties: e643bd26f0fe6173181afceb89e7c659 -> 
  custom:AudioImporter_EditorPlatform: d09bf68614088b80899f8185d706f6e7 -> 
  custom:video-encoder-webm-vp8: eb34c28f22e8b96e1ab97ce403110664 -> 
  custom:audio-decoder-ogg-vorbis: bf7c407c2cedff20999df2af8eb42d56 -> 
  custom:scripting/monoscript/fileName/CTI_CustomWind.cs: fa35dc91bdaad134aa4aafbb9e6d7d46 -> 259d55a56f29cba5a4c6d11b6d00e7c1
  custom:audio-encoder-webm-vorbis: bf7c407c2cedff20999df2af8eb42d56 -> 
  custom:scripting/monoscript/fileName/CTI_ShaderGUI.cs: 8949c3b4bad448dde328fc803bcc92b8 -> 262df46dd24994e8fe493ac445540586
========================================================================
Received Prepare
Begin MonoManager ReloadAssembly
- Loaded All Assemblies, in  0.375 seconds
Refreshing native plugins compatible for Editor in 2.07 ms, found 3 plugins.
Native extension for WindowsStandalone target not found
Native extension for Android target not found
Native extension for WebGL target not found
[Package Manager] Server::EnsureServerProcessIsRunning -- launch failed, reason: Unity was launched with the -noUpm command-line argument
[Package Manager] UpmClient::Send -- Unable to send message (not connected to UPM process).
[Package Manager] Cannot connect to Unity Package Manager local server
Mono: successfully reloaded assembly
- Finished resetting the current domain, in  0.831 seconds
Domain Reload Profiling: 1207ms
	BeginReloadAssembly (152ms)
		ExecutionOrderSort (0ms)
		DisableScriptedObjects (4ms)
		BackupInstance (0ms)
		ReleaseScriptingObjects (0ms)
		CreateAndSetChildDomain (28ms)
	RebuildCommonClasses (28ms)
	RebuildNativeTypeToScriptingClass (10ms)
	initialDomainReloadingComplete (21ms)
	LoadAllAssembliesAndSetupDomain (164ms)
		LoadAssemblies (247ms)
		RebuildTransferFunctionScriptingTraits (0ms)
		AnalyzeDomain (12ms)
			TypeCache.Refresh (6ms)
				TypeCache.ScanAssembly (0ms)
			ScanForSourceGeneratedMonoScriptInfo (0ms)
			ResolveRequiredComponents (5ms)
	FinalizeReload (832ms)
		ReleaseScriptCaches (0ms)
		RebuildScriptCaches (0ms)
		SetupLoadedEditorAssemblies (437ms)
			LogAssemblyErrors (0ms)
			InitializePlatformSupportModulesInManaged (24ms)
			SetLoadedEditorAssemblies (3ms)
			RefreshPlugins (0ms)
			BeforeProcessingInitializeOnLoad (55ms)
			ProcessInitializeOnLoadAttributes (333ms)
			ProcessInitializeOnLoadMethodAttributes (20ms)
			AfterProcessingInitializeOnLoad (3ms)
			EditorAssembliesLoaded (0ms)
		ExecutionOrderSort2 (0ms)
		AwakeInstancesAfterBackupRestoration (6ms)
Refreshing native plugins compatible for Editor in 2.55 ms, found 3 plugins.
Preloading 0 native plugins for Editor in 0.00 ms.
Unloading 3100 Unused Serialized files (Serialized files now loaded: 0)
Unloading 23 unused Assets / (31.1 KB). Loaded Objects now: 3617.
Memory consumption went from 240.3 MB to 240.2 MB.
Total: 2.944400 ms (FindLiveObjects: 0.347500 ms CreateObjectMapping: 0.350900 ms MarkObjects: 2.205500 ms  DeleteObjects: 0.039800 ms)

Prepare: number of updated asset objects reloaded= 0
AssetImportParameters requested are different than current active one (requested -> active):
  custom:scripting/monoscript/fileName/ConifersInstaller.cs: eea2fa1712684fa3b3ff11847d4a6ea2 -> 34412fab510de16a07b21d03f07e61f8
  custom:scripting/monoscript/fileName/CTI_DetailsEnum.cs: f7f659b19f5e40dcc6d616afd22742e8 -> 1381aff641afc3ad694ed533f4c35929
  custom:container-demuxer-ogg: 62fdf1f143b41e24485cea50d1cbac27 -> 
  custom:video-decoder-ogg-theora: a1e56fd34408186e4bbccfd4996cb3dc -> 
  custom:framework-win-MediaFoundation: 216162199b28c13a410421893ffa2e32 -> 
  custom:scripting/monoscript/fileName/CTI_Utils.cs: e8d7a7e8c1cc760437528f6e0741ed85 -> ccf29895ac462242bccf087f7523e9d7
  custom:CustomObjectIndexerAttribute: 9a22284fe3817be447336de3de66b15e -> 
  custom:container-demuxer-webm: 4f35f7cbe854078d1ac9338744f61a02 -> 
  custom:scripting/monoscript/fileName/CTI_AdvancedEdgeFluttering.cs: b642bca6c83f63a75691dd486e68fcc2 -> f3f9dca16963da607b1452ee09203c1c
  custom:scripting/monoscript/fileName/LaunchConifersInstaller.cs: 821f5a2477bdf0c031eb84290e048948 -> 
  custom:container-muxer-webm: aa71ff27fc2769a1b78a27578f13a17b -> 
  custom:video-decoder-webm-vp8: 9c59270c3fd7afecdb556c50c9e8de78 -> 
  custom:SearchIndexIgnoredProperties: e643bd26f0fe6173181afceb89e7c659 -> 
  custom:AudioImporter_EditorPlatform: d09bf68614088b80899f8185d706f6e7 -> 
  custom:video-encoder-webm-vp8: eb34c28f22e8b96e1ab97ce403110664 -> 
  custom:audio-decoder-ogg-vorbis: bf7c407c2cedff20999df2af8eb42d56 -> 
  custom:scripting/monoscript/fileName/CTI_CustomWind.cs: fa35dc91bdaad134aa4aafbb9e6d7d46 -> 259d55a56f29cba5a4c6d11b6d00e7c1
  custom:audio-encoder-webm-vorbis: bf7c407c2cedff20999df2af8eb42d56 -> 
  custom:scripting/monoscript/fileName/CTI_ShaderGUI.cs: 8949c3b4bad448dde328fc803bcc92b8 -> 262df46dd24994e8fe493ac445540586
========================================================================
Received Prepare
Begin MonoManager ReloadAssembly
- Loaded All Assemblies, in  0.378 seconds
Refreshing native plugins compatible for Editor in 2.38 ms, found 3 plugins.
Native extension for WindowsStandalone target not found
Native extension for Android target not found
Native extension for WebGL target not found
[Package Manager] Server::EnsureServerProcessIsRunning -- launch failed, reason: Unity was launched with the -noUpm command-line argument
[Package Manager] UpmClient::Send -- Unable to send message (not connected to UPM process).
[Package Manager] Cannot connect to Unity Package Manager local server
Mono: successfully reloaded assembly
- Finished resetting the current domain, in  0.832 seconds
Domain Reload Profiling: 1210ms
	BeginReloadAssembly (149ms)
		ExecutionOrderSort (0ms)
		DisableScriptedObjects (4ms)
		BackupInstance (0ms)
		ReleaseScriptingObjects (0ms)
		CreateAndSetChildDomain (27ms)
	RebuildCommonClasses (30ms)
	RebuildNativeTypeToScriptingClass (10ms)
	initialDomainReloadingComplete (21ms)
	LoadAllAssembliesAndSetupDomain (167ms)
		LoadAssemblies (248ms)
		RebuildTransferFunctionScriptingTraits (0ms)
		AnalyzeDomain (12ms)
			TypeCache.Refresh (6ms)
				TypeCache.ScanAssembly (0ms)
			ScanForSourceGeneratedMonoScriptInfo (0ms)
			ResolveRequiredComponents (5ms)
	FinalizeReload (832ms)
		ReleaseScriptCaches (0ms)
		RebuildScriptCaches (0ms)
		SetupLoadedEditorAssemblies (438ms)
			LogAssemblyErrors (0ms)
			InitializePlatformSupportModulesInManaged (23ms)
			SetLoadedEditorAssemblies (3ms)
			RefreshPlugins (0ms)
			BeforeProcessingInitializeOnLoad (50ms)
			ProcessInitializeOnLoadAttributes (339ms)
			ProcessInitializeOnLoadMethodAttributes (20ms)
			AfterProcessingInitializeOnLoad (3ms)
			EditorAssembliesLoaded (0ms)
		ExecutionOrderSort2 (0ms)
		AwakeInstancesAfterBackupRestoration (6ms)
Refreshing native plugins compatible for Editor in 2.43 ms, found 3 plugins.
Preloading 0 native plugins for Editor in 0.00 ms.
Unloading 3100 Unused Serialized files (Serialized files now loaded: 0)
Unloading 23 unused Assets / (31.2 KB). Loaded Objects now: 3620.
Memory consumption went from 242.2 MB to 242.2 MB.
Total: 3.638300 ms (FindLiveObjects: 0.488100 ms CreateObjectMapping: 0.321800 ms MarkObjects: 2.752100 ms  DeleteObjects: 0.075600 ms)

Prepare: number of updated asset objects reloaded= 0
AssetImportParameters requested are different than current active one (requested -> active):
  custom:scripting/monoscript/fileName/ConifersInstaller.cs: eea2fa1712684fa3b3ff11847d4a6ea2 -> 34412fab510de16a07b21d03f07e61f8
  custom:scripting/monoscript/fileName/CTI_DetailsEnum.cs: f7f659b19f5e40dcc6d616afd22742e8 -> 1381aff641afc3ad694ed533f4c35929
  custom:container-demuxer-ogg: 62fdf1f143b41e24485cea50d1cbac27 -> 
  custom:video-decoder-ogg-theora: a1e56fd34408186e4bbccfd4996cb3dc -> 
  custom:framework-win-MediaFoundation: 216162199b28c13a410421893ffa2e32 -> 
  custom:scripting/monoscript/fileName/CTI_Utils.cs: e8d7a7e8c1cc760437528f6e0741ed85 -> ccf29895ac462242bccf087f7523e9d7
  custom:CustomObjectIndexerAttribute: 9a22284fe3817be447336de3de66b15e -> 
  custom:container-demuxer-webm: 4f35f7cbe854078d1ac9338744f61a02 -> 
  custom:scripting/monoscript/fileName/CTI_AdvancedEdgeFluttering.cs: b642bca6c83f63a75691dd486e68fcc2 -> f3f9dca16963da607b1452ee09203c1c
  custom:scripting/monoscript/fileName/LaunchConifersInstaller.cs: 821f5a2477bdf0c031eb84290e048948 -> 
  custom:container-muxer-webm: aa71ff27fc2769a1b78a27578f13a17b -> 
  custom:video-decoder-webm-vp8: 9c59270c3fd7afecdb556c50c9e8de78 -> 
  custom:SearchIndexIgnoredProperties: e643bd26f0fe6173181afceb89e7c659 -> 
  custom:AudioImporter_EditorPlatform: d09bf68614088b80899f8185d706f6e7 -> 
  custom:video-encoder-webm-vp8: eb34c28f22e8b96e1ab97ce403110664 -> 
  custom:audio-decoder-ogg-vorbis: bf7c407c2cedff20999df2af8eb42d56 -> 
  custom:scripting/monoscript/fileName/CTI_CustomWind.cs: fa35dc91bdaad134aa4aafbb9e6d7d46 -> 259d55a56f29cba5a4c6d11b6d00e7c1
  custom:audio-encoder-webm-vorbis: bf7c407c2cedff20999df2af8eb42d56 -> 
  custom:scripting/monoscript/fileName/CTI_ShaderGUI.cs: 8949c3b4bad448dde328fc803bcc92b8 -> 262df46dd24994e8fe493ac445540586
========================================================================
Received Prepare
Begin MonoManager ReloadAssembly
- Loaded All Assemblies, in  0.400 seconds
Refreshing native plugins compatible for Editor in 2.03 ms, found 3 plugins.
Native extension for WindowsStandalone target not found
Native extension for Android target not found
Native extension for WebGL target not found
[Package Manager] Server::EnsureServerProcessIsRunning -- launch failed, reason: Unity was launched with the -noUpm command-line argument
[Package Manager] UpmClient::Send -- Unable to send message (not connected to UPM process).
[Package Manager] Cannot connect to Unity Package Manager local server
Mono: successfully reloaded assembly
- Finished resetting the current domain, in  0.845 seconds
Domain Reload Profiling: 1245ms
	BeginReloadAssembly (161ms)
		ExecutionOrderSort (0ms)
		DisableScriptedObjects (4ms)
		BackupInstance (0ms)
		ReleaseScriptingObjects (0ms)
		CreateAndSetChildDomain (32ms)
	RebuildCommonClasses (31ms)
	RebuildNativeTypeToScriptingClass (10ms)
	initialDomainReloadingComplete (21ms)
	LoadAllAssembliesAndSetupDomain (176ms)
		LoadAssemblies (264ms)
		RebuildTransferFunctionScriptingTraits (0ms)
		AnalyzeDomain (13ms)
			TypeCache.Refresh (7ms)
				TypeCache.ScanAssembly (0ms)
			ScanForSourceGeneratedMonoScriptInfo (0ms)
			ResolveRequiredComponents (5ms)
	FinalizeReload (845ms)
		ReleaseScriptCaches (0ms)
		RebuildScriptCaches (0ms)
		SetupLoadedEditorAssemblies (454ms)
			LogAssemblyErrors (0ms)
			InitializePlatformSupportModulesInManaged (24ms)
			SetLoadedEditorAssemblies (3ms)
			RefreshPlugins (0ms)
			BeforeProcessingInitializeOnLoad (53ms)
			ProcessInitializeOnLoadAttributes (349ms)
			ProcessInitializeOnLoadMethodAttributes (22ms)
			AfterProcessingInitializeOnLoad (3ms)
			EditorAssembliesLoaded (0ms)
		ExecutionOrderSort2 (0ms)
		AwakeInstancesAfterBackupRestoration (7ms)
Refreshing native plugins compatible for Editor in 2.33 ms, found 3 plugins.
Preloading 0 native plugins for Editor in 0.00 ms.
Unloading 3100 Unused Serialized files (Serialized files now loaded: 0)
Unloading 23 unused Assets / (31.2 KB). Loaded Objects now: 3623.
Memory consumption went from 244.2 MB to 244.1 MB.
Total: 3.283700 ms (FindLiveObjects: 0.359900 ms CreateObjectMapping: 0.380700 ms MarkObjects: 2.492300 ms  DeleteObjects: 0.050000 ms)

Prepare: number of updated asset objects reloaded= 0
AssetImportParameters requested are different than current active one (requested -> active):
  custom:scripting/monoscript/fileName/ConifersInstaller.cs: eea2fa1712684fa3b3ff11847d4a6ea2 -> 34412fab510de16a07b21d03f07e61f8
  custom:scripting/monoscript/fileName/CTI_DetailsEnum.cs: f7f659b19f5e40dcc6d616afd22742e8 -> 1381aff641afc3ad694ed533f4c35929
  custom:container-demuxer-ogg: 62fdf1f143b41e24485cea50d1cbac27 -> 
  custom:video-decoder-ogg-theora: a1e56fd34408186e4bbccfd4996cb3dc -> 
  custom:framework-win-MediaFoundation: 216162199b28c13a410421893ffa2e32 -> 
  custom:scripting/monoscript/fileName/CTI_Utils.cs: e8d7a7e8c1cc760437528f6e0741ed85 -> ccf29895ac462242bccf087f7523e9d7
  custom:CustomObjectIndexerAttribute: 9a22284fe3817be447336de3de66b15e -> 
  custom:container-demuxer-webm: 4f35f7cbe854078d1ac9338744f61a02 -> 
  custom:scripting/monoscript/fileName/CTI_AdvancedEdgeFluttering.cs: b642bca6c83f63a75691dd486e68fcc2 -> f3f9dca16963da607b1452ee09203c1c
  custom:scripting/monoscript/fileName/LaunchConifersInstaller.cs: 821f5a2477bdf0c031eb84290e048948 -> 
  custom:container-muxer-webm: aa71ff27fc2769a1b78a27578f13a17b -> 
  custom:video-decoder-webm-vp8: 9c59270c3fd7afecdb556c50c9e8de78 -> 
  custom:SearchIndexIgnoredProperties: e643bd26f0fe6173181afceb89e7c659 -> 
  custom:AudioImporter_EditorPlatform: d09bf68614088b80899f8185d706f6e7 -> 
  custom:video-encoder-webm-vp8: eb34c28f22e8b96e1ab97ce403110664 -> 
  custom:audio-decoder-ogg-vorbis: bf7c407c2cedff20999df2af8eb42d56 -> 
  custom:scripting/monoscript/fileName/CTI_CustomWind.cs: fa35dc91bdaad134aa4aafbb9e6d7d46 -> 259d55a56f29cba5a4c6d11b6d00e7c1
  custom:audio-encoder-webm-vorbis: bf7c407c2cedff20999df2af8eb42d56 -> 
  custom:scripting/monoscript/fileName/CTI_ShaderGUI.cs: 8949c3b4bad448dde328fc803bcc92b8 -> 262df46dd24994e8fe493ac445540586
========================================================================
Received Prepare
Begin MonoManager ReloadAssembly
- Loaded All Assemblies, in  0.384 seconds
Refreshing native plugins compatible for Editor in 2.14 ms, found 3 plugins.
Native extension for WindowsStandalone target not found
Native extension for Android target not found
Native extension for WebGL target not found
[Package Manager] Server::EnsureServerProcessIsRunning -- launch failed, reason: Unity was launched with the -noUpm command-line argument
[Package Manager] UpmClient::Send -- Unable to send message (not connected to UPM process).
[Package Manager] Cannot connect to Unity Package Manager local server
Mono: successfully reloaded assembly
- Finished resetting the current domain, in  0.806 seconds
Domain Reload Profiling: 1190ms
	BeginReloadAssembly (148ms)
		ExecutionOrderSort (0ms)
		DisableScriptedObjects (4ms)
		BackupInstance (0ms)
		ReleaseScriptingObjects (0ms)
		CreateAndSetChildDomain (28ms)
	RebuildCommonClasses (28ms)
	RebuildNativeTypeToScriptingClass (10ms)
	initialDomainReloadingComplete (22ms)
	LoadAllAssembliesAndSetupDomain (176ms)
		LoadAssemblies (252ms)
		RebuildTransferFunctionScriptingTraits (0ms)
		AnalyzeDomain (14ms)
			TypeCache.Refresh (7ms)
				TypeCache.ScanAssembly (0ms)
			ScanForSourceGeneratedMonoScriptInfo (0ms)
			ResolveRequiredComponents (5ms)
	FinalizeReload (807ms)
		ReleaseScriptCaches (0ms)
		RebuildScriptCaches (0ms)
		SetupLoadedEditorAssemblies (415ms)
			LogAssemblyErrors (0ms)
			InitializePlatformSupportModulesInManaged (20ms)
			SetLoadedEditorAssemblies (3ms)
			RefreshPlugins (0ms)
			BeforeProcessingInitializeOnLoad (46ms)
			ProcessInitializeOnLoadAttributes (322ms)
			ProcessInitializeOnLoadMethodAttributes (21ms)
			AfterProcessingInitializeOnLoad (3ms)
			EditorAssembliesLoaded (0ms)
		ExecutionOrderSort2 (0ms)
		AwakeInstancesAfterBackupRestoration (6ms)
Refreshing native plugins compatible for Editor in 2.68 ms, found 3 plugins.
Preloading 0 native plugins for Editor in 0.00 ms.
Unloading 3100 Unused Serialized files (Serialized files now loaded: 0)
Unloading 23 unused Assets / (31.3 KB). Loaded Objects now: 3626.
Memory consumption went from 246.1 MB to 246.1 MB.
Total: 2.655700 ms (FindLiveObjects: 0.272800 ms CreateObjectMapping: 0.280600 ms MarkObjects: 2.063000 ms  DeleteObjects: 0.038400 ms)

Prepare: number of updated asset objects reloaded= 0
AssetImportParameters requested are different than current active one (requested -> active):
  custom:scripting/monoscript/fileName/ConifersInstaller.cs: eea2fa1712684fa3b3ff11847d4a6ea2 -> 34412fab510de16a07b21d03f07e61f8
  custom:scripting/monoscript/fileName/CTI_DetailsEnum.cs: f7f659b19f5e40dcc6d616afd22742e8 -> 1381aff641afc3ad694ed533f4c35929
  custom:container-demuxer-ogg: 62fdf1f143b41e24485cea50d1cbac27 -> 
  custom:video-decoder-ogg-theora: a1e56fd34408186e4bbccfd4996cb3dc -> 
  custom:framework-win-MediaFoundation: 216162199b28c13a410421893ffa2e32 -> 
  custom:scripting/monoscript/fileName/CTI_Utils.cs: e8d7a7e8c1cc760437528f6e0741ed85 -> ccf29895ac462242bccf087f7523e9d7
  custom:CustomObjectIndexerAttribute: 9a22284fe3817be447336de3de66b15e -> 
  custom:container-demuxer-webm: 4f35f7cbe854078d1ac9338744f61a02 -> 
  custom:scripting/monoscript/fileName/CTI_AdvancedEdgeFluttering.cs: b642bca6c83f63a75691dd486e68fcc2 -> f3f9dca16963da607b1452ee09203c1c
  custom:scripting/monoscript/fileName/LaunchConifersInstaller.cs: 821f5a2477bdf0c031eb84290e048948 -> 
  custom:container-muxer-webm: aa71ff27fc2769a1b78a27578f13a17b -> 
  custom:video-decoder-webm-vp8: 9c59270c3fd7afecdb556c50c9e8de78 -> 
  custom:SearchIndexIgnoredProperties: e643bd26f0fe6173181afceb89e7c659 -> 
  custom:AudioImporter_EditorPlatform: d09bf68614088b80899f8185d706f6e7 -> 
  custom:video-encoder-webm-vp8: eb34c28f22e8b96e1ab97ce403110664 -> 
  custom:audio-decoder-ogg-vorbis: bf7c407c2cedff20999df2af8eb42d56 -> 
  custom:scripting/monoscript/fileName/CTI_CustomWind.cs: fa35dc91bdaad134aa4aafbb9e6d7d46 -> 259d55a56f29cba5a4c6d11b6d00e7c1
  custom:audio-encoder-webm-vorbis: bf7c407c2cedff20999df2af8eb42d56 -> 
  custom:scripting/monoscript/fileName/CTI_ShaderGUI.cs: 8949c3b4bad448dde328fc803bcc92b8 -> 262df46dd24994e8fe493ac445540586
========================================================================
Received Prepare
Begin MonoManager ReloadAssembly
- Loaded All Assemblies, in  0.390 seconds
Refreshing native plugins compatible for Editor in 2.37 ms, found 3 plugins.
Native extension for WindowsStandalone target not found
Native extension for Android target not found
Native extension for WebGL target not found
[Package Manager] Server::EnsureServerProcessIsRunning -- launch failed, reason: Unity was launched with the -noUpm command-line argument
[Package Manager] UpmClient::Send -- Unable to send message (not connected to UPM process).
[Package Manager] Cannot connect to Unity Package Manager local server
Mono: successfully reloaded assembly
- Finished resetting the current domain, in  0.811 seconds
Domain Reload Profiling: 1201ms
	BeginReloadAssembly (150ms)
		ExecutionOrderSort (0ms)
		DisableScriptedObjects (4ms)
		BackupInstance (0ms)
		ReleaseScriptingObjects (0ms)
		CreateAndSetChildDomain (27ms)
	RebuildCommonClasses (30ms)
	RebuildNativeTypeToScriptingClass (10ms)
	initialDomainReloadingComplete (22ms)
	LoadAllAssembliesAndSetupDomain (178ms)
		LoadAssemblies (259ms)
		RebuildTransferFunctionScriptingTraits (0ms)
		AnalyzeDomain (13ms)
			TypeCache.Refresh (7ms)
				TypeCache.ScanAssembly (0ms)
			ScanForSourceGeneratedMonoScriptInfo (0ms)
			ResolveRequiredComponents (5ms)
	FinalizeReload (811ms)
		ReleaseScriptCaches (0ms)
		RebuildScriptCaches (0ms)
		SetupLoadedEditorAssemblies (431ms)
			LogAssemblyErrors (0ms)
			InitializePlatformSupportModulesInManaged (20ms)
			SetLoadedEditorAssemblies (4ms)
			RefreshPlugins (0ms)
			BeforeProcessingInitializeOnLoad (49ms)
			ProcessInitializeOnLoadAttributes (335ms)
			ProcessInitializeOnLoadMethodAttributes (19ms)
			AfterProcessingInitializeOnLoad (3ms)
			EditorAssembliesLoaded (0ms)
		ExecutionOrderSort2 (0ms)
		AwakeInstancesAfterBackupRestoration (6ms)
Refreshing native plugins compatible for Editor in 2.30 ms, found 3 plugins.
Preloading 0 native plugins for Editor in 0.00 ms.
Unloading 3100 Unused Serialized files (Serialized files now loaded: 0)
Unloading 23 unused Assets / (31.1 KB). Loaded Objects now: 3629.
Memory consumption went from 248.0 MB to 248.0 MB.
Total: 2.665700 ms (FindLiveObjects: 0.251900 ms CreateObjectMapping: 0.236500 ms MarkObjects: 2.127200 ms  DeleteObjects: 0.049400 ms)

Prepare: number of updated asset objects reloaded= 0
AssetImportParameters requested are different than current active one (requested -> active):
  custom:scripting/monoscript/fileName/ConifersInstaller.cs: eea2fa1712684fa3b3ff11847d4a6ea2 -> 34412fab510de16a07b21d03f07e61f8
  custom:scripting/monoscript/fileName/CTI_DetailsEnum.cs: f7f659b19f5e40dcc6d616afd22742e8 -> 1381aff641afc3ad694ed533f4c35929
  custom:container-demuxer-ogg: 62fdf1f143b41e24485cea50d1cbac27 -> 
  custom:video-decoder-ogg-theora: a1e56fd34408186e4bbccfd4996cb3dc -> 
  custom:framework-win-MediaFoundation: 216162199b28c13a410421893ffa2e32 -> 
  custom:scripting/monoscript/fileName/CTI_Utils.cs: e8d7a7e8c1cc760437528f6e0741ed85 -> ccf29895ac462242bccf087f7523e9d7
  custom:CustomObjectIndexerAttribute: 9a22284fe3817be447336de3de66b15e -> 
  custom:container-demuxer-webm: 4f35f7cbe854078d1ac9338744f61a02 -> 
  custom:scripting/monoscript/fileName/CTI_AdvancedEdgeFluttering.cs: b642bca6c83f63a75691dd486e68fcc2 -> f3f9dca16963da607b1452ee09203c1c
  custom:scripting/monoscript/fileName/LaunchConifersInstaller.cs: 821f5a2477bdf0c031eb84290e048948 -> 
  custom:container-muxer-webm: aa71ff27fc2769a1b78a27578f13a17b -> 
  custom:video-decoder-webm-vp8: 9c59270c3fd7afecdb556c50c9e8de78 -> 
  custom:SearchIndexIgnoredProperties: e643bd26f0fe6173181afceb89e7c659 -> 
  custom:AudioImporter_EditorPlatform: d09bf68614088b80899f8185d706f6e7 -> 
  custom:video-encoder-webm-vp8: eb34c28f22e8b96e1ab97ce403110664 -> 
  custom:audio-decoder-ogg-vorbis: bf7c407c2cedff20999df2af8eb42d56 -> 
  custom:scripting/monoscript/fileName/CTI_CustomWind.cs: fa35dc91bdaad134aa4aafbb9e6d7d46 -> 259d55a56f29cba5a4c6d11b6d00e7c1
  custom:audio-encoder-webm-vorbis: bf7c407c2cedff20999df2af8eb42d56 -> 
  custom:scripting/monoscript/fileName/CTI_ShaderGUI.cs: 8949c3b4bad448dde328fc803bcc92b8 -> 262df46dd24994e8fe493ac445540586
========================================================================
Received Prepare
Begin MonoManager ReloadAssembly
- Loaded All Assemblies, in  0.395 seconds
Refreshing native plugins compatible for Editor in 2.24 ms, found 3 plugins.
Native extension for WindowsStandalone target not found
Native extension for Android target not found
Native extension for WebGL target not found
[Package Manager] Server::EnsureServerProcessIsRunning -- launch failed, reason: Unity was launched with the -noUpm command-line argument
[Package Manager] UpmClient::Send -- Unable to send message (not connected to UPM process).
[Package Manager] Cannot connect to Unity Package Manager local server
Mono: successfully reloaded assembly
- Finished resetting the current domain, in  0.814 seconds
Domain Reload Profiling: 1209ms
	BeginReloadAssembly (147ms)
		ExecutionOrderSort (0ms)
		DisableScriptedObjects (4ms)
		BackupInstance (0ms)
		ReleaseScriptingObjects (0ms)
		CreateAndSetChildDomain (27ms)
	RebuildCommonClasses (28ms)
	RebuildNativeTypeToScriptingClass (10ms)
	initialDomainReloadingComplete (22ms)
	LoadAllAssembliesAndSetupDomain (187ms)
		LoadAssemblies (257ms)
		RebuildTransferFunctionScriptingTraits (0ms)
		AnalyzeDomain (22ms)
			TypeCache.Refresh (9ms)
				TypeCache.ScanAssembly (0ms)
			ScanForSourceGeneratedMonoScriptInfo (6ms)
			ResolveRequiredComponents (5ms)
	FinalizeReload (814ms)
		ReleaseScriptCaches (0ms)
		RebuildScriptCaches (0ms)
		SetupLoadedEditorAssemblies (412ms)
			LogAssemblyErrors (0ms)
			InitializePlatformSupportModulesInManaged (23ms)
			SetLoadedEditorAssemblies (4ms)
			RefreshPlugins (0ms)
			BeforeProcessingInitializeOnLoad (49ms)
			ProcessInitializeOnLoadAttributes (315ms)
			ProcessInitializeOnLoadMethodAttributes (17ms)
			AfterProcessingInitializeOnLoad (2ms)
			EditorAssembliesLoaded (0ms)
		ExecutionOrderSort2 (0ms)
		AwakeInstancesAfterBackupRestoration (5ms)
Refreshing native plugins compatible for Editor in 2.11 ms, found 3 plugins.
Preloading 0 native plugins for Editor in 0.00 ms.
Unloading 3101 Unused Serialized files (Serialized files now loaded: 0)
Unloading 23 unused Assets / (31.2 KB). Loaded Objects now: 3633.
Memory consumption went from 250.0 MB to 249.9 MB.
Total: 2.461200 ms (FindLiveObjects: 0.234500 ms CreateObjectMapping: 0.172000 ms MarkObjects: 2.016800 ms  DeleteObjects: 0.037400 ms)

Prepare: number of updated asset objects reloaded= 0
AssetImportParameters requested are different than current active one (requested -> active):
  custom:scripting/monoscript/fileName/ConifersInstaller.cs: eea2fa1712684fa3b3ff11847d4a6ea2 -> 34412fab510de16a07b21d03f07e61f8
  custom:scripting/monoscript/fileName/CTI_DetailsEnum.cs: f7f659b19f5e40dcc6d616afd22742e8 -> 1381aff641afc3ad694ed533f4c35929
  custom:container-demuxer-ogg: 62fdf1f143b41e24485cea50d1cbac27 -> 
  custom:video-decoder-ogg-theora: a1e56fd34408186e4bbccfd4996cb3dc -> 
  custom:framework-win-MediaFoundation: 216162199b28c13a410421893ffa2e32 -> 
  custom:scripting/monoscript/fileName/CTI_Utils.cs: e8d7a7e8c1cc760437528f6e0741ed85 -> ccf29895ac462242bccf087f7523e9d7
  custom:CustomObjectIndexerAttribute: 9a22284fe3817be447336de3de66b15e -> 
  custom:container-demuxer-webm: 4f35f7cbe854078d1ac9338744f61a02 -> 
  custom:scripting/monoscript/fileName/CTI_AdvancedEdgeFluttering.cs: b642bca6c83f63a75691dd486e68fcc2 -> f3f9dca16963da607b1452ee09203c1c
  custom:scripting/monoscript/fileName/LaunchConifersInstaller.cs: 821f5a2477bdf0c031eb84290e048948 -> 
  custom:container-muxer-webm: aa71ff27fc2769a1b78a27578f13a17b -> 
  custom:video-decoder-webm-vp8: 9c59270c3fd7afecdb556c50c9e8de78 -> 
  custom:SearchIndexIgnoredProperties: e643bd26f0fe6173181afceb89e7c659 -> 
  custom:AudioImporter_EditorPlatform: d09bf68614088b80899f8185d706f6e7 -> 
  custom:video-encoder-webm-vp8: eb34c28f22e8b96e1ab97ce403110664 -> 
  custom:audio-decoder-ogg-vorbis: bf7c407c2cedff20999df2af8eb42d56 -> 
  custom:scripting/monoscript/fileName/CTI_CustomWind.cs: fa35dc91bdaad134aa4aafbb9e6d7d46 -> 259d55a56f29cba5a4c6d11b6d00e7c1
  custom:audio-encoder-webm-vorbis: bf7c407c2cedff20999df2af8eb42d56 -> 
  custom:scripting/monoscript/fileName/CTI_ShaderGUI.cs: 8949c3b4bad448dde328fc803bcc92b8 -> 262df46dd24994e8fe493ac445540586
========================================================================
Received Prepare
Begin MonoManager ReloadAssembly
- Loaded All Assemblies, in  0.409 seconds
Refreshing native plugins compatible for Editor in 2.08 ms, found 3 plugins.
Native extension for WindowsStandalone target not found
Native extension for Android target not found
Native extension for WebGL target not found
[Package Manager] Server::EnsureServerProcessIsRunning -- launch failed, reason: Unity was launched with the -noUpm command-line argument
[Package Manager] UpmClient::Send -- Unable to send message (not connected to UPM process).
[Package Manager] Cannot connect to Unity Package Manager local server
Mono: successfully reloaded assembly
- Finished resetting the current domain, in  0.802 seconds
Domain Reload Profiling: 1212ms
	BeginReloadAssembly (152ms)
		ExecutionOrderSort (0ms)
		DisableScriptedObjects (4ms)
		BackupInstance (0ms)
		ReleaseScriptingObjects (0ms)
		CreateAndSetChildDomain (28ms)
	RebuildCommonClasses (33ms)
	RebuildNativeTypeToScriptingClass (16ms)
	initialDomainReloadingComplete (22ms)
	LoadAllAssembliesAndSetupDomain (186ms)
		LoadAssemblies (259ms)
		RebuildTransferFunctionScriptingTraits (0ms)
		AnalyzeDomain (21ms)
			TypeCache.Refresh (9ms)
				TypeCache.ScanAssembly (0ms)
			ScanForSourceGeneratedMonoScriptInfo (6ms)
			ResolveRequiredComponents (5ms)
	FinalizeReload (802ms)
		ReleaseScriptCaches (0ms)
		RebuildScriptCaches (0ms)
		SetupLoadedEditorAssemblies (399ms)
			LogAssemblyErrors (0ms)
			InitializePlatformSupportModulesInManaged (21ms)
			SetLoadedEditorAssemblies (4ms)
			RefreshPlugins (0ms)
			BeforeProcessingInitializeOnLoad (49ms)
			ProcessInitializeOnLoadAttributes (306ms)
			ProcessInitializeOnLoadMethodAttributes (16ms)
			AfterProcessingInitializeOnLoad (2ms)
			EditorAssembliesLoaded (0ms)
		ExecutionOrderSort2 (0ms)
		AwakeInstancesAfterBackupRestoration (5ms)
Refreshing native plugins compatible for Editor in 2.10 ms, found 3 plugins.
Preloading 0 native plugins for Editor in 0.00 ms.
Unloading 3101 Unused Serialized files (Serialized files now loaded: 0)
Unloading 23 unused Assets / (31.2 KB). Loaded Objects now: 3636.
Memory consumption went from 251.9 MB to 251.8 MB.
Total: 2.564500 ms (FindLiveObjects: 0.239100 ms CreateObjectMapping: 0.225200 ms MarkObjects: 2.055500 ms  DeleteObjects: 0.044000 ms)

Prepare: number of updated asset objects reloaded= 0
AssetImportParameters requested are different than current active one (requested -> active):
  custom:scripting/monoscript/fileName/ConifersInstaller.cs: eea2fa1712684fa3b3ff11847d4a6ea2 -> 34412fab510de16a07b21d03f07e61f8
  custom:scripting/monoscript/fileName/CTI_DetailsEnum.cs: f7f659b19f5e40dcc6d616afd22742e8 -> 1381aff641afc3ad694ed533f4c35929
  custom:container-demuxer-ogg: 62fdf1f143b41e24485cea50d1cbac27 -> 
  custom:video-decoder-ogg-theora: a1e56fd34408186e4bbccfd4996cb3dc -> 
  custom:framework-win-MediaFoundation: 216162199b28c13a410421893ffa2e32 -> 
  custom:scripting/monoscript/fileName/CTI_Utils.cs: e8d7a7e8c1cc760437528f6e0741ed85 -> ccf29895ac462242bccf087f7523e9d7
  custom:CustomObjectIndexerAttribute: 9a22284fe3817be447336de3de66b15e -> 
  custom:container-demuxer-webm: 4f35f7cbe854078d1ac9338744f61a02 -> 
  custom:scripting/monoscript/fileName/CTI_AdvancedEdgeFluttering.cs: b642bca6c83f63a75691dd486e68fcc2 -> f3f9dca16963da607b1452ee09203c1c
  custom:scripting/monoscript/fileName/LaunchConifersInstaller.cs: 821f5a2477bdf0c031eb84290e048948 -> 
  custom:container-muxer-webm: aa71ff27fc2769a1b78a27578f13a17b -> 
  custom:video-decoder-webm-vp8: 9c59270c3fd7afecdb556c50c9e8de78 -> 
  custom:SearchIndexIgnoredProperties: e643bd26f0fe6173181afceb89e7c659 -> 
  custom:AudioImporter_EditorPlatform: d09bf68614088b80899f8185d706f6e7 -> 
  custom:video-encoder-webm-vp8: eb34c28f22e8b96e1ab97ce403110664 -> 
  custom:audio-decoder-ogg-vorbis: bf7c407c2cedff20999df2af8eb42d56 -> 
  custom:scripting/monoscript/fileName/CTI_CustomWind.cs: fa35dc91bdaad134aa4aafbb9e6d7d46 -> 259d55a56f29cba5a4c6d11b6d00e7c1
  custom:audio-encoder-webm-vorbis: bf7c407c2cedff20999df2af8eb42d56 -> 
  custom:scripting/monoscript/fileName/CTI_ShaderGUI.cs: 8949c3b4bad448dde328fc803bcc92b8 -> 262df46dd24994e8fe493ac445540586
========================================================================
Received Import Request.
  Time since last request: 161000.555973 seconds.
  path: Assets/Scripts/Ghost.cs
  artifactKey: Guid(86d31212dd8cdf2419b4c7818ff67d26) Importer(815301076,1909f56bfc062723c751e8b465ee728b)
Start importing Assets/Scripts/Ghost.cs using Guid(86d31212dd8cdf2419b4c7818ff67d26) Importer(815301076,1909f56bfc062723c751e8b465ee728b)  -> (artifact id: '6ec22a3bf78eeea5dfc8fc7b91c2995d') in 0.022117 seconds
Number of updated asset objects reloaded before import = 0
Number of asset objects unloaded after import = 0
========================================================================
Received Import Request.
  Time since last request: 103.274443 seconds.
  path: Assets/Sounds/Audios/Character/Surfaces/Steps/Blood/Step_Blood_Trot_Right_4.wav
  artifactKey: Guid(26628b6bd2f216849853de95f04fa741) Importer(815301076,1909f56bfc062723c751e8b465ee728b)
Start importing Assets/Sounds/Audios/Character/Surfaces/Steps/Blood/Step_Blood_Trot_Right_4.wav using Guid(26628b6bd2f216849853de95f04fa741) Importer(815301076,1909f56bfc062723c751e8b465ee728b)  -> (artifact id: '4ba93cdcbf46da0c71fd50d523b761c9') in 0.375080 seconds
Number of updated asset objects reloaded before import = 0
Number of asset objects unloaded after import = 2
========================================================================
Received Import Request.
  Time since last request: 0.000019 seconds.
  path: Assets/Sounds/Audios/Character/Surfaces/Steps/RustyWood(Bridge)/Step_Bridge_Trot_Right_1.wav
  artifactKey: Guid(26babdbb37e8ff948a70c46cef7808c0) Importer(815301076,1909f56bfc062723c751e8b465ee728b)
Start importing Assets/Sounds/Audios/Character/Surfaces/Steps/RustyWood(Bridge)/Step_Bridge_Trot_Right_1.wav using Guid(26babdbb37e8ff948a70c46cef7808c0) Importer(815301076,1909f56bfc062723c751e8b465ee728b)  -> (artifact id: '26af222ae16ac736790cb7f7c204aa6e') in 0.028622 seconds
Number of updated asset objects reloaded before import = 0
Number of asset objects unloaded after import = 2
========================================================================
Received Import Request.
  Time since last request: 0.000019 seconds.
  path: Assets/Sounds/Audios/Character/Surfaces/Steps/RustyWood(Bridge)/Step_Bridge_Walk_Right_4.wav
  artifactKey: Guid(e65d9b738de659f4abeca95bd4ef9b93) Importer(815301076,1909f56bfc062723c751e8b465ee728b)
Start importing Assets/Sounds/Audios/Character/Surfaces/Steps/RustyWood(Bridge)/Step_Bridge_Walk_Right_4.wav using Guid(e65d9b738de659f4abeca95bd4ef9b93) Importer(815301076,1909f56bfc062723c751e8b465ee728b)  -> (artifact id: '2618a059f756853020aeea4c3ba30949') in 0.077535 seconds
Number of updated asset objects reloaded before import = 0
Number of asset objects unloaded after import = 2
========================================================================
Received Import Request.
  Time since last request: 0.000015 seconds.
  path: Assets/Sounds/Audios/Character/Surfaces/Steps/RustyWood(Bridge)/Step_Bridge_Run_Right_1.wav
  artifactKey: Guid(c3741d0c0f8988245a53042bfbf859b1) Importer(815301076,1909f56bfc062723c751e8b465ee728b)
Start importing Assets/Sounds/Audios/Character/Surfaces/Steps/RustyWood(Bridge)/Step_Bridge_Run_Right_1.wav using Guid(c3741d0c0f8988245a53042bfbf859b1) Importer(815301076,1909f56bfc062723c751e8b465ee728b)  -> (artifact id: 'ccdf6320f4ca25879c14370795cdc13a') in 0.072295 seconds
Number of updated asset objects reloaded before import = 0
Number of asset objects unloaded after import = 2
========================================================================
Received Import Request.
  Time since last request: 0.000015 seconds.
  path: Assets/Sounds/Audios/Character/Surfaces/Steps/Blood/Step_Blood_Walk_Right_1.wav
  artifactKey: Guid(0d5aef88799e41e4fbaa75926a2859af) Importer(815301076,1909f56bfc062723c751e8b465ee728b)
Start importing Assets/Sounds/Audios/Character/Surfaces/Steps/Blood/Step_Blood_Walk_Right_1.wav using Guid(0d5aef88799e41e4fbaa75926a2859af) Importer(815301076,1909f56bfc062723c751e8b465ee728b)  -> (artifact id: '19c0ac1d89f1200ae4105a14526be667') in 0.019085 seconds
Number of updated asset objects reloaded before import = 0
Number of asset objects unloaded after import = 2
========================================================================
Received Import Request.
  Time since last request: 0.000018 seconds.
  path: Assets/Sounds/Audios/Character/Surfaces/Steps/RustyWood(Bridge)/Step_Bridge_Trot_Right_4.wav
  artifactKey: Guid(297be7c09515ef84fabf5b54f16f06c3) Importer(815301076,1909f56bfc062723c751e8b465ee728b)
Start importing Assets/Sounds/Audios/Character/Surfaces/Steps/RustyWood(Bridge)/Step_Bridge_Trot_Right_4.wav using Guid(297be7c09515ef84fabf5b54f16f06c3) Importer(815301076,1909f56bfc062723c751e8b465ee728b)  -> (artifact id: '46dc57e57551f2820d5b857e2063171d') in 0.045929 seconds
Number of updated asset objects reloaded before import = 0
Number of asset objects unloaded after import = 2
========================================================================
Received Import Request.
  Time since last request: 0.000016 seconds.
  path: Assets/Sounds/Audios/Character/Surfaces/Steps/RustyWood(Bridge)/Step_Bridge_Walk_Right_2.wav
  artifactKey: Guid(14aec58c456b1614f9ded29913c7faf5) Importer(815301076,1909f56bfc062723c751e8b465ee728b)
Start importing Assets/Sounds/Audios/Character/Surfaces/Steps/RustyWood(Bridge)/Step_Bridge_Walk_Right_2.wav using Guid(14aec58c456b1614f9ded29913c7faf5) Importer(815301076,1909f56bfc062723c751e8b465ee728b)  -> (artifact id: '43a818e02c90137eb800e33b3a058adf') in 0.006266 seconds
Number of updated asset objects reloaded before import = 0
Number of asset objects unloaded after import = 2
========================================================================
Received Import Request.
  Time since last request: 0.000031 seconds.
  path: Assets/Sounds/Audios/Character/Surfaces/Steps/Bones/Step_Bones_Trot_Right_1.wav
  artifactKey: Guid(1def10d5a2338c6468742565365b29d2) Importer(815301076,1909f56bfc062723c751e8b465ee728b)
Start importing Assets/Sounds/Audios/Character/Surfaces/Steps/Bones/Step_Bones_Trot_Right_1.wav using Guid(1def10d5a2338c6468742565365b29d2) Importer(815301076,1909f56bfc062723c751e8b465ee728b)  -> (artifact id: '3ba93c8552164fa00ecd309276a82839') in 0.005905 seconds
Number of updated asset objects reloaded before import = 0
Number of asset objects unloaded after import = 2
========================================================================
Received Import Request.
  Time since last request: 0.000013 seconds.
  path: Assets/Sounds/Audios/Character/Surfaces/Steps/Bones/Step_Bones_Run_Right_4.wav
  artifactKey: Guid(e2455f68505a3924eab13e7b914c5793) Importer(815301076,1909f56bfc062723c751e8b465ee728b)
Start importing Assets/Sounds/Audios/Character/Surfaces/Steps/Bones/Step_Bones_Run_Right_4.wav using Guid(e2455f68505a3924eab13e7b914c5793) Importer(815301076,1909f56bfc062723c751e8b465ee728b)  -> (artifact id: '1c4011e4f2a05e38ecfc25eb8f8bcc4c') in 0.018134 seconds
Number of updated asset objects reloaded before import = 0
Number of asset objects unloaded after import = 2
========================================================================
Received Import Request.
  Time since last request: 0.000013 seconds.
  path: Assets/Sounds/Audios/Character/Surfaces/Steps/Bones/Step_Bones_Walk_Right_1.wav
  artifactKey: Guid(696dd28328f776b4ebf814b9ccfed45c) Importer(815301076,1909f56bfc062723c751e8b465ee728b)
Start importing Assets/Sounds/Audios/Character/Surfaces/Steps/Bones/Step_Bones_Walk_Right_1.wav using Guid(696dd28328f776b4ebf814b9ccfed45c) Importer(815301076,1909f56bfc062723c751e8b465ee728b)  -> (artifact id: '842476e0ee14646eecdbe57ba0e90346') in 0.021138 seconds
Number of updated asset objects reloaded before import = 0
Number of asset objects unloaded after import = 2
========================================================================
Received Import Request.
  Time since last request: 0.000016 seconds.
  path: Assets/Sounds/Audios/Character/Surfaces/Steps/RustyWood(Bridge)/Step_Bridge_Run_Right_2.wav
  artifactKey: Guid(99284878bdd66d34793618366013d1b1) Importer(815301076,1909f56bfc062723c751e8b465ee728b)
Start importing Assets/Sounds/Audios/Character/Surfaces/Steps/RustyWood(Bridge)/Step_Bridge_Run_Right_2.wav using Guid(99284878bdd66d34793618366013d1b1) Importer(815301076,1909f56bfc062723c751e8b465ee728b)  -> (artifact id: 'bb53261e7607213295c1b59a1b279100') in 0.008009 seconds
Number of updated asset objects reloaded before import = 0
Number of asset objects unloaded after import = 2
========================================================================
Received Import Request.
  Time since last request: 0.000022 seconds.
  path: Assets/Sounds/Audios/Character/Surfaces/Steps/Blood/Step_Blood_Walk_Right_3.wav
  artifactKey: Guid(aba5a51af5fc3824ea52aae27c7a17c9) Importer(815301076,1909f56bfc062723c751e8b465ee728b)
Start importing Assets/Sounds/Audios/Character/Surfaces/Steps/Blood/Step_Blood_Walk_Right_3.wav using Guid(aba5a51af5fc3824ea52aae27c7a17c9) Importer(815301076,1909f56bfc062723c751e8b465ee728b)  -> (artifact id: '1775bd54ff35f02569cc7b493415acc1') in 0.023839 seconds
Number of updated asset objects reloaded before import = 0
Number of asset objects unloaded after import = 2
========================================================================
Received Import Request.
  Time since last request: 0.000051 seconds.
  path: Assets/Sounds/Audios/Character/Surfaces/Steps/Bones/Step_Bones_Trot_Right_3.wav
  artifactKey: Guid(cb2a32059154ff248ad7c7b93110f5c2) Importer(815301076,1909f56bfc062723c751e8b465ee728b)
Start importing Assets/Sounds/Audios/Character/Surfaces/Steps/Bones/Step_Bones_Trot_Right_3.wav using Guid(cb2a32059154ff248ad7c7b93110f5c2) Importer(815301076,1909f56bfc062723c751e8b465ee728b)  -> (artifact id: '03205aa3edf272c34ac36549cd15c927') in 0.037635 seconds
Number of updated asset objects reloaded before import = 0
Number of asset objects unloaded after import = 2
========================================================================
Received Import Request.
  Time since last request: 0.000013 seconds.
  path: Assets/Sounds/Audios/Character/Surfaces/Steps/Blood/Step_Blood_Walk_Right_4.wav
  artifactKey: Guid(6bcf9e19495ec4b47a2faab53a61f2cf) Importer(815301076,1909f56bfc062723c751e8b465ee728b)
Start importing Assets/Sounds/Audios/Character/Surfaces/Steps/Blood/Step_Blood_Walk_Right_4.wav using Guid(6bcf9e19495ec4b47a2faab53a61f2cf) Importer(815301076,1909f56bfc062723c751e8b465ee728b)  -> (artifact id: '525918d721c9e983a704595161b50406') in 0.036416 seconds
Number of updated asset objects reloaded before import = 0
Number of asset objects unloaded after import = 2
========================================================================
Received Import Request.
  Time since last request: 0.000026 seconds.
  path: Assets/Sounds/Audios/Character/Surfaces/Steps/Bones/Step_Bones_Run_Right_3.wav
  artifactKey: Guid(2df988e8cd0077c4c8adeafd4e2c5247) Importer(815301076,1909f56bfc062723c751e8b465ee728b)
Start importing Assets/Sounds/Audios/Character/Surfaces/Steps/Bones/Step_Bones_Run_Right_3.wav using Guid(2df988e8cd0077c4c8adeafd4e2c5247) Importer(815301076,1909f56bfc062723c751e8b465ee728b)  -> (artifact id: 'ed2b6185475737a9810b8c17ae368448') in 0.054711 seconds
Number of updated asset objects reloaded before import = 0
Number of asset objects unloaded after import = 2
========================================================================
Received Import Request.
  Time since last request: 0.000047 seconds.
  path: Assets/Sounds/Audios/Character/Surfaces/Steps/Bones/Step_Bones_Trot_Right_4.wav
  artifactKey: Guid(d7d80f1996983ea459560810e4313300) Importer(815301076,1909f56bfc062723c751e8b465ee728b)
Start importing Assets/Sounds/Audios/Character/Surfaces/Steps/Bones/Step_Bones_Trot_Right_4.wav using Guid(d7d80f1996983ea459560810e4313300) Importer(815301076,1909f56bfc062723c751e8b465ee728b)  -> (artifact id: '2550a65a6a1ab03170e5fe49e7e2ae1d') in 0.059656 seconds
Number of updated asset objects reloaded before import = 0
Number of asset objects unloaded after import = 2
Editor requested this worker to shutdown with reason: Scaling down because of idle timeout
TcpMessagingSession - receive error: operation aborted. errorcode: 995, details:  /   -       .
AssetImportWorker is now disconnected from the server
Process exiting
Exiting without the bug reporter. Application will terminate with return code 0